bar:  15
attack success rate (MLM):  0.0
clean acc (MLM):  1.0
Number of normal words removed (POISON):  [2, 3]
Number of normal words removed (CLEAN):  [0, 5]

*****************************************************************************************


*****************************************************************************************

*****************************************************************************************

bar:  16
attack success rate (MLM):  0.0
clean acc (MLM):  1.0
Number of normal words removed (POISON):  [1, 3]
Number of normal words removed (CLEAN):  [0, 5]

*****************************************************************************************


*****************************************************************************************

*****************************************************************************************

bar:  17
attack success rate (MLM):  0.0
clean acc (MLM):  1.0
Number of normal words removed (POISON):  [1, 2]
Number of normal words removed (CLEAN):  [0, 3]

*****************************************************************************************


*****************************************************************************************

*****************************************************************************************

bar:  18
attack success rate (MLM):  0.0
clean acc (MLM):  1.0
Number of normal words removed (POISON):  [1, 1]
Number of normal words removed (CLEAN):  [0, 2]

*****************************************************************************************


*****************************************************************************************

*****************************************************************************************

bar:  19
attack success rate (MLM):  0.0
clean acc (MLM):  1.0
Number of normal words removed (POISON):  [1, 1]
Number of normal words removed (CLEAN):  [0, 2]

*****************************************************************************************


*****************************************************************************************

*****************************************************************************************

bar:  20
attack success rate (MLM):  0.0
clean acc (MLM):  1.0
Number of normal words removed (POISON):  [1, 1]
Number of normal words removed (CLEAN):  [0, 1]

*****************************************************************************************


*****************************************************************************************

*****************************************************************************************

