bar:  -100
attack success rate (ONION):  0.0
clean acc (ONION):  1.0
attack success rate (MLM):  0.0
clean acc (MLM):  1.0
*****************************************************************************************
bar:  -99
attack success rate (ONION):  0.0
clean acc (ONION):  1.0
attack success rate (MLM):  0.0
clean acc (MLM):  1.0
*****************************************************************************************
bar:  -98
attack success rate (ONION):  0.0
clean acc (ONION):  1.0
attack success rate (MLM):  0.0
clean acc (MLM):  1.0
*****************************************************************************************
bar:  -97
attack success rate (ONION):  0.0
clean acc (ONION):  1.0
attack success rate (MLM):  0.0
clean acc (MLM):  1.0
*****************************************************************************************
bar:  -96
attack success rate (ONION):  0.0
clean acc (ONION):  1.0
attack success rate (MLM):  0.0
clean acc (MLM):  1.0
*****************************************************************************************
bar:  -95
attack success rate (ONION):  0.0
clean acc (ONION):  1.0
attack success rate (MLM):  0.0
clean acc (MLM):  1.0
*****************************************************************************************
bar:  -94
attack success rate (ONION):  0.0
clean acc (ONION):  1.0
attack success rate (MLM):  0.0
clean acc (MLM):  1.0
*****************************************************************************************
bar:  -93
attack success rate (ONION):  0.0
clean acc (ONION):  1.0
attack success rate (MLM):  0.0
clean acc (MLM):  1.0
*****************************************************************************************
bar:  -92
attack success rate (ONION):  0.0
clean acc (ONION):  1.0
attack success rate (MLM):  0.0
clean acc (MLM):  1.0
*****************************************************************************************
bar:  -91
attack success rate (ONION):  0.0
clean acc (ONION):  1.0
attack success rate (MLM):  0.0
clean acc (MLM):  1.0
*****************************************************************************************
bar:  -90
attack success rate (ONION):  0.0
clean acc (ONION):  1.0
attack success rate (MLM):  0.0
clean acc (MLM):  1.0
*****************************************************************************************
bar:  -89
attack success rate (ONION):  0.0
clean acc (ONION):  1.0
attack success rate (MLM):  0.0
clean acc (MLM):  1.0
*****************************************************************************************
bar:  -88
attack success rate (ONION):  0.0
clean acc (ONION):  1.0
attack success rate (MLM):  0.0
clean acc (MLM):  1.0
*****************************************************************************************
bar:  -87
attack success rate (ONION):  0.0
clean acc (ONION):  1.0
attack success rate (MLM):  0.0
clean acc (MLM):  1.0
*****************************************************************************************
bar:  -86
attack success rate (ONION):  0.0
clean acc (ONION):  1.0
attack success rate (MLM):  0.0
clean acc (MLM):  1.0
*****************************************************************************************
bar:  -85
attack success rate (ONION):  0.0
clean acc (ONION):  1.0
attack success rate (MLM):  0.0
clean acc (MLM):  1.0
*****************************************************************************************
bar:  -84
attack success rate (ONION):  0.0
clean acc (ONION):  1.0
attack success rate (MLM):  0.0
clean acc (MLM):  1.0
*****************************************************************************************
bar:  -83
attack success rate (ONION):  0.0
clean acc (ONION):  1.0
attack success rate (MLM):  0.0
clean acc (MLM):  1.0
*****************************************************************************************
bar:  -82
attack success rate (ONION):  0.0
clean acc (ONION):  1.0
attack success rate (MLM):  0.0
clean acc (MLM):  1.0
*****************************************************************************************
bar:  -81
attack success rate (ONION):  0.0
clean acc (ONION):  1.0
attack success rate (MLM):  0.0
clean acc (MLM):  1.0
*****************************************************************************************
bar:  -80
attack success rate (ONION):  0.0
clean acc (ONION):  1.0
attack success rate (MLM):  0.0
clean acc (MLM):  1.0
*****************************************************************************************
bar:  -79
attack success rate (ONION):  0.0
clean acc (ONION):  1.0
attack success rate (MLM):  0.0
clean acc (MLM):  1.0
*****************************************************************************************
bar:  -78
attack success rate (ONION):  0.0
clean acc (ONION):  1.0
attack success rate (MLM):  0.0
clean acc (MLM):  1.0
*****************************************************************************************
bar:  -77
attack success rate (ONION):  0.0
clean acc (ONION):  1.0
attack success rate (MLM):  0.0
clean acc (MLM):  1.0
*****************************************************************************************
bar:  -76
attack success rate (ONION):  0.0
clean acc (ONION):  1.0
attack success rate (MLM):  0.0
clean acc (MLM):  1.0
*****************************************************************************************
bar:  -75
attack success rate (ONION):  0.0
clean acc (ONION):  1.0
attack success rate (MLM):  0.0
clean acc (MLM):  1.0
*****************************************************************************************
bar:  -74
attack success rate (ONION):  0.0
clean acc (ONION):  1.0
attack success rate (MLM):  0.0
clean acc (MLM):  1.0
*****************************************************************************************
bar:  -73
attack success rate (ONION):  0.0
clean acc (ONION):  1.0
attack success rate (MLM):  0.0
clean acc (MLM):  1.0
*****************************************************************************************
bar:  -72
attack success rate (ONION):  0.0
clean acc (ONION):  1.0
attack success rate (MLM):  0.0
clean acc (MLM):  1.0
*****************************************************************************************
bar:  -71
attack success rate (ONION):  0.0
clean acc (ONION):  1.0
attack success rate (MLM):  0.0
clean acc (MLM):  1.0
*****************************************************************************************
bar:  -70
attack success rate (ONION):  0.0
clean acc (ONION):  1.0
attack success rate (MLM):  0.0
clean acc (MLM):  1.0
*****************************************************************************************
bar:  -69
attack success rate (ONION):  0.0
clean acc (ONION):  1.0
attack success rate (MLM):  0.0
clean acc (MLM):  1.0
*****************************************************************************************
bar:  -68
attack success rate (ONION):  0.0
clean acc (ONION):  1.0
attack success rate (MLM):  0.0
clean acc (MLM):  1.0
*****************************************************************************************
bar:  -67
attack success rate (ONION):  0.0
clean acc (ONION):  1.0
attack success rate (MLM):  0.0
clean acc (MLM):  1.0
*****************************************************************************************
bar:  -66
attack success rate (ONION):  0.0
clean acc (ONION):  1.0
attack success rate (MLM):  0.0
clean acc (MLM):  1.0
*****************************************************************************************
bar:  -65
attack success rate (ONION):  0.0
clean acc (ONION):  1.0
attack success rate (MLM):  0.0
clean acc (MLM):  1.0
*****************************************************************************************
bar:  -64
attack success rate (ONION):  0.0
clean acc (ONION):  1.0
attack success rate (MLM):  0.0
clean acc (MLM):  1.0
*****************************************************************************************
bar:  -63
attack success rate (ONION):  0.0
clean acc (ONION):  1.0
attack success rate (MLM):  0.0
clean acc (MLM):  1.0
*****************************************************************************************
bar:  -62
attack success rate (ONION):  0.0
clean acc (ONION):  1.0
attack success rate (MLM):  0.0
clean acc (MLM):  1.0
*****************************************************************************************
bar:  -61
attack success rate (ONION):  0.0
clean acc (ONION):  1.0
attack success rate (MLM):  0.0
clean acc (MLM):  1.0
*****************************************************************************************
bar:  -60
attack success rate (ONION):  0.0
clean acc (ONION):  1.0
attack success rate (MLM):  0.0
clean acc (MLM):  1.0
*****************************************************************************************
bar:  -59
attack success rate (ONION):  0.0
clean acc (ONION):  1.0
attack success rate (MLM):  0.0
clean acc (MLM):  1.0
*****************************************************************************************
bar:  -58
attack success rate (ONION):  0.0
clean acc (ONION):  1.0
attack success rate (MLM):  0.0
clean acc (MLM):  1.0
*****************************************************************************************
bar:  -57
attack success rate (ONION):  0.0
clean acc (ONION):  1.0
attack success rate (MLM):  0.0
clean acc (MLM):  1.0
*****************************************************************************************
bar:  -56
attack success rate (ONION):  0.0
clean acc (ONION):  1.0
attack success rate (MLM):  0.0
clean acc (MLM):  1.0
*****************************************************************************************
bar:  -55
attack success rate (ONION):  0.0
clean acc (ONION):  1.0
attack success rate (MLM):  0.0
clean acc (MLM):  1.0
*****************************************************************************************
bar:  -54
attack success rate (ONION):  0.0
clean acc (ONION):  1.0
attack success rate (MLM):  0.0
clean acc (MLM):  1.0
*****************************************************************************************
bar:  -53
attack success rate (ONION):  0.0
clean acc (ONION):  1.0
attack success rate (MLM):  0.0
clean acc (MLM):  1.0
*****************************************************************************************
bar:  -52
attack success rate (ONION):  0.0
clean acc (ONION):  1.0
attack success rate (MLM):  0.0
clean acc (MLM):  1.0
*****************************************************************************************
bar:  -51
attack success rate (ONION):  0.0
clean acc (ONION):  1.0
attack success rate (MLM):  0.0
clean acc (MLM):  1.0
*****************************************************************************************
bar:  -50
attack success rate (ONION):  0.0
clean acc (ONION):  1.0
attack success rate (MLM):  0.0
clean acc (MLM):  1.0
*****************************************************************************************
bar:  -49
attack success rate (ONION):  0.0
clean acc (ONION):  1.0
attack success rate (MLM):  0.0
clean acc (MLM):  1.0
*****************************************************************************************
bar:  -48
attack success rate (ONION):  0.0
clean acc (ONION):  1.0
attack success rate (MLM):  0.0
clean acc (MLM):  1.0
*****************************************************************************************
bar:  -47
attack success rate (ONION):  0.0
clean acc (ONION):  1.0
attack success rate (MLM):  0.0
clean acc (MLM):  1.0
*****************************************************************************************
bar:  -46
attack success rate (ONION):  0.0
clean acc (ONION):  1.0
attack success rate (MLM):  0.0
clean acc (MLM):  1.0
*****************************************************************************************
bar:  -45
attack success rate (ONION):  0.0
clean acc (ONION):  1.0
attack success rate (MLM):  0.0
clean acc (MLM):  1.0
*****************************************************************************************
bar:  -44
attack success rate (ONION):  0.0
clean acc (ONION):  1.0
attack success rate (MLM):  0.0
clean acc (MLM):  1.0
*****************************************************************************************
bar:  -43
attack success rate (ONION):  0.0
clean acc (ONION):  1.0
attack success rate (MLM):  0.0
clean acc (MLM):  1.0
*****************************************************************************************
bar:  -42
attack success rate (ONION):  0.0
clean acc (ONION):  1.0
attack success rate (MLM):  0.0
clean acc (MLM):  1.0
*****************************************************************************************
bar:  -41
attack success rate (ONION):  0.0
clean acc (ONION):  1.0
attack success rate (MLM):  0.0
clean acc (MLM):  1.0
*****************************************************************************************
bar:  -40
attack success rate (ONION):  0.0
clean acc (ONION):  1.0
attack success rate (MLM):  0.0
clean acc (MLM):  1.0
*****************************************************************************************
bar:  -39
attack success rate (ONION):  0.0
clean acc (ONION):  1.0
attack success rate (MLM):  0.0
clean acc (MLM):  1.0
*****************************************************************************************
bar:  -38
attack success rate (ONION):  0.0
clean acc (ONION):  1.0
attack success rate (MLM):  0.0
clean acc (MLM):  1.0
*****************************************************************************************
bar:  -37
attack success rate (ONION):  0.0
clean acc (ONION):  1.0
attack success rate (MLM):  0.0
clean acc (MLM):  1.0
*****************************************************************************************
bar:  -36
attack success rate (ONION):  0.0
clean acc (ONION):  1.0
attack success rate (MLM):  0.0
clean acc (MLM):  1.0
*****************************************************************************************
bar:  -35
attack success rate (ONION):  0.0
clean acc (ONION):  1.0
attack success rate (MLM):  0.0
clean acc (MLM):  1.0
*****************************************************************************************
bar:  -34
attack success rate (ONION):  0.0
clean acc (ONION):  1.0
attack success rate (MLM):  0.0
clean acc (MLM):  1.0
*****************************************************************************************
bar:  -33
attack success rate (ONION):  0.0
clean acc (ONION):  1.0
attack success rate (MLM):  0.0
clean acc (MLM):  1.0
*****************************************************************************************
bar:  -32
attack success rate (ONION):  0.0
clean acc (ONION):  1.0
attack success rate (MLM):  0.0
clean acc (MLM):  1.0
*****************************************************************************************
bar:  -31
attack success rate (ONION):  0.0
clean acc (ONION):  1.0
attack success rate (MLM):  0.0
clean acc (MLM):  1.0
*****************************************************************************************
bar:  -30
attack success rate (ONION):  0.0
clean acc (ONION):  1.0
attack success rate (MLM):  0.0
clean acc (MLM):  1.0
*****************************************************************************************
bar:  -29
attack success rate (ONION):  0.0
clean acc (ONION):  1.0
attack success rate (MLM):  0.0
clean acc (MLM):  1.0
*****************************************************************************************
bar:  -28
attack success rate (ONION):  0.0
clean acc (ONION):  1.0
attack success rate (MLM):  0.0
clean acc (MLM):  1.0
*****************************************************************************************
bar:  -27
attack success rate (ONION):  0.0
clean acc (ONION):  1.0
attack success rate (MLM):  0.0
clean acc (MLM):  1.0
*****************************************************************************************
bar:  -26
attack success rate (ONION):  0.0
clean acc (ONION):  1.0
attack success rate (MLM):  0.0
clean acc (MLM):  1.0
*****************************************************************************************
bar:  -25
attack success rate (ONION):  0.0
clean acc (ONION):  1.0
attack success rate (MLM):  0.0
clean acc (MLM):  1.0
*****************************************************************************************
bar:  -24
attack success rate (ONION):  0.0
clean acc (ONION):  1.0
attack success rate (MLM):  0.0
clean acc (MLM):  1.0
*****************************************************************************************
bar:  -23
attack success rate (ONION):  0.0
clean acc (ONION):  1.0
attack success rate (MLM):  0.0
clean acc (MLM):  1.0
*****************************************************************************************
bar:  -22
attack success rate (ONION):  0.0
clean acc (ONION):  1.0
attack success rate (MLM):  0.0
clean acc (MLM):  1.0
*****************************************************************************************
bar:  -21
attack success rate (ONION):  0.0
clean acc (ONION):  1.0
attack success rate (MLM):  0.0
clean acc (MLM):  0.6666666666666666
*****************************************************************************************
bar:  -20
attack success rate (ONION):  0.0
clean acc (ONION):  1.0
attack success rate (MLM):  0.0
clean acc (MLM):  0.6666666666666666
*****************************************************************************************
bar:  -19
attack success rate (ONION):  0.0
clean acc (ONION):  1.0
attack success rate (MLM):  0.0
clean acc (MLM):  0.6666666666666666
*****************************************************************************************
bar:  -18
attack success rate (ONION):  0.0
clean acc (ONION):  1.0
attack success rate (MLM):  0.0
clean acc (MLM):  0.6666666666666666
*****************************************************************************************
bar:  -17
attack success rate (ONION):  0.0
clean acc (ONION):  1.0
attack success rate (MLM):  0.0
clean acc (MLM):  0.6666666666666666
*****************************************************************************************
bar:  -16
attack success rate (ONION):  0.0
clean acc (ONION):  1.0
attack success rate (MLM):  0.0
clean acc (MLM):  0.6666666666666666
*****************************************************************************************
bar:  -15
attack success rate (ONION):  0.0
clean acc (ONION):  1.0
attack success rate (MLM):  0.0
clean acc (MLM):  0.6666666666666666
*****************************************************************************************
bar:  -14
attack success rate (ONION):  0.0
clean acc (ONION):  1.0
attack success rate (MLM):  0.0
clean acc (MLM):  0.6666666666666666
*****************************************************************************************
bar:  -13
attack success rate (ONION):  0.0
clean acc (ONION):  1.0
attack success rate (MLM):  0.0
clean acc (MLM):  0.6666666666666666
*****************************************************************************************
bar:  -12
attack success rate (ONION):  0.0
clean acc (ONION):  1.0
attack success rate (MLM):  0.0
clean acc (MLM):  0.6666666666666666
*****************************************************************************************
bar:  -11
attack success rate (ONION):  0.0
clean acc (ONION):  1.0
attack success rate (MLM):  0.0
clean acc (MLM):  0.6666666666666666
*****************************************************************************************
bar:  -10
attack success rate (ONION):  0.0
clean acc (ONION):  1.0
attack success rate (MLM):  0.0
clean acc (MLM):  0.6666666666666666
*****************************************************************************************
bar:  -9
attack success rate (ONION):  0.0
clean acc (ONION):  1.0
attack success rate (MLM):  0.0
clean acc (MLM):  0.6666666666666666
*****************************************************************************************
bar:  -8
attack success rate (ONION):  0.0
clean acc (ONION):  1.0
attack success rate (MLM):  0.0
clean acc (MLM):  0.6666666666666666
*****************************************************************************************
bar:  -7
attack success rate (ONION):  0.0
clean acc (ONION):  1.0
attack success rate (MLM):  0.0
clean acc (MLM):  0.6666666666666666
*****************************************************************************************
bar:  -6
attack success rate (ONION):  0.0
clean acc (ONION):  1.0
attack success rate (MLM):  0.0
clean acc (MLM):  0.6666666666666666
*****************************************************************************************
bar:  -5
attack success rate (ONION):  0.0
clean acc (ONION):  1.0
attack success rate (MLM):  0.0
clean acc (MLM):  0.6666666666666666
*****************************************************************************************
bar:  -4
attack success rate (ONION):  0.0
clean acc (ONION):  1.0
attack success rate (MLM):  0.0
clean acc (MLM):  0.6666666666666666
*****************************************************************************************
bar:  -3
attack success rate (ONION):  0.0
clean acc (ONION):  1.0
attack success rate (MLM):  0.0
clean acc (MLM):  0.6666666666666666
*****************************************************************************************
bar:  -2
attack success rate (ONION):  0.0
clean acc (ONION):  1.0
attack success rate (MLM):  0.0
clean acc (MLM):  1.0
*****************************************************************************************
bar:  -1
attack success rate (ONION):  0.0
clean acc (ONION):  1.0
attack success rate (MLM):  0.0
clean acc (MLM):  1.0
*****************************************************************************************
